<?xml version="1.0" encoding="UTF-8"?>
<!-- Generated by org.testng.reporters.JUnitXMLReporter -->
<testsuite ignored="0" hostname="DESKTOP-EEMVQ20" failures="1" tests="37" name="Test" time="20.694" errors="0" timestamp="2022-02-22T10:51:43 MST">
  <testcase classname="dataDrivenTesting.Jobs_API_GETRQ" name="Jobs_API_TC01_GetAllRecs" time="1.548"/>
  <testcase classname="dataDrivenTesting.Jobs_API_GETRQ" name="Jobs_API_TC02_GETRQ_invalidURL" time="0.332"/>
  <testcase classname="dataDrivenTesting.LMS_API_POSTRQ" name="LMS_API_TC03_POSTRQ" time="0.621"/>
  <testcase classname="dataDrivenTesting.LMS_API_POSTRQ" name="LMS_API_TC03_POSTRQ" time="0.496"/>
  <testcase classname="dataDrivenTesting.LMS_API_POSTRQ" name="LMS_API_TC03_POSTRQ" time="0.506"/>
  <testcase classname="dataDrivenTesting.LMS_API_POSTRQ" name="LMS_API_TC03_POSTRQ" time="0.512"/>
  <testcase classname="dataDrivenTesting.LMS_API_POSTRQ" name="LMS_API_TC04_POSTRQ_missingParams" time="0.488"/>
  <testcase classname="dataDrivenTesting.LMS_API_POSTRQ" name="LMS_API_TC04_POSTRQ_missingParams" time="0.481"/>
  <testcase classname="dataDrivenTesting.LMS_API_POSTRQ" name="LMS_API_TC04_POSTRQ_missingParams" time="0.488"/>
  <testcase classname="dataDrivenTesting.LMS_API_POSTRQ" name="LMS_API_TC04_POSTRQ_missingParams" time="0.477"/>
  <testcase classname="dataDrivenTesting.Jobs_API_PUTRQ" name="Jobs_API_TC05_PUTRQ" time="0.33">
    <failure type="java.lang.AssertionError" message="expected [200] but found [404]">
      <![CDATA[java.lang.AssertionError: expected [200] but found [404]
at dataDrivenTesting.Jobs_API_PUTRQ.Jobs_API_TC05_PUTRQ(Jobs_API_PUTRQ.java:40)
at java.base/java.util.ArrayList.forEach(ArrayList.java:1511)
... Removed 33 stack frames]]>
    </failure>
  </testcase> <!-- Jobs_API_TC05_PUTRQ -->
  <testcase classname="dataDrivenTesting.Jobs_API_PUTRQ" name="Jobs_API_TC06_PUTRQ_sameData" time="0.307"/>
  <testcase classname="dataDrivenTesting.Jobs_API_DeleteRQ" name="Jobs_API_TC07_DeleteRQ" time="0.319"/>
  <testcase classname="dataDrivenTesting.Jobs_API_DeleteRQ" name="Jobs_API_TC08_DeleteRQ_newId" time="0.295"/>
  <testcase classname="dataDrivenTesting.LMS_API_GETRQ" name="LMS_API_TC01_GETRQ" time="4.037"/>
  <testcase classname="dataDrivenTesting.LMS_API_GETRQ" name="LMS_API_TC02_GETRQ_invalidId" time="0.919"/>
  <testcase classname="dataDrivenTesting.Jobs_API_POSTRQ" name="Jobs_API_TC03_POSTRQ" time="0.327"/>
  <testcase classname="dataDrivenTesting.Jobs_API_POSTRQ" name="Jobs_API_TC03_POSTRQ" time="0.302"/>
  <testcase classname="dataDrivenTesting.Jobs_API_POSTRQ" name="Jobs_API_TC03_POSTRQ" time="0.317"/>
  <testcase classname="dataDrivenTesting.Jobs_API_POSTRQ" name="Jobs_API_TC03_POSTRQ" time="0.303"/>
  <testcase classname="dataDrivenTesting.Jobs_API_POSTRQ" name="Jobs_API_TC03_POSTRQ" time="0.306"/>
  <testcase classname="dataDrivenTesting.Jobs_API_POSTRQ" name="Jobs_API_TC03_POSTRQ" time="0.304"/>
  <testcase classname="dataDrivenTesting.Jobs_API_POSTRQ" name="Jobs_API_TC03_POSTRQ" time="0.307"/>
  <testcase classname="dataDrivenTesting.Jobs_API_POSTRQ" name="Jobs_API_TC04_POSTRQ_sameData" time="0.3"/>
  <testcase classname="dataDrivenTesting.Jobs_API_POSTRQ" name="Jobs_API_TC04_POSTRQ_sameData" time="0.315"/>
  <testcase classname="dataDrivenTesting.Jobs_API_POSTRQ" name="Jobs_API_TC04_POSTRQ_sameData" time="0.317"/>
  <testcase classname="dataDrivenTesting.Jobs_API_POSTRQ" name="Jobs_API_TC04_POSTRQ_sameData" time="0.319"/>
  <testcase classname="dataDrivenTesting.Jobs_API_POSTRQ" name="Jobs_API_TC04_POSTRQ_sameData" time="0.303"/>
  <testcase classname="dataDrivenTesting.Jobs_API_POSTRQ" name="Jobs_API_TC04_POSTRQ_sameData" time="0.31"/>
  <testcase classname="dataDrivenTesting.LMS_API_PUTRQ" name="LMS_API_TC05_PUTRQ" time="0.485"/>
  <testcase classname="dataDrivenTesting.LMS_API_PUTRQ" name="LMS_API_TC05_PUTRQ" time="0.46"/>
  <testcase classname="dataDrivenTesting.LMS_API_PUTRQ" name="LMS_API_TC05_PUTRQ" time="0.45"/>
  <testcase classname="dataDrivenTesting.LMS_API_PUTRQ" name="LMS_API_TC06_PUTRQ_newId" time="0.44"/>
  <testcase classname="dataDrivenTesting.LMS_API_DeleteRQ" name="LMS_API_TC07_DeleteRQ" time="0.478"/>
  <testcase classname="dataDrivenTesting.LMS_API_DeleteRQ" name="LMS_API_TC07_DeleteRQ" time="0.485"/>
  <testcase classname="dataDrivenTesting.LMS_API_DeleteRQ" name="LMS_API_TC08_DeleteRQ_newId" time="0.47"/>
  <testcase classname="dataDrivenTesting.LMS_API_DeleteRQ" name="LMS_API_TC08_DeleteRQ_newId" time="0.458"/>
</testsuite> <!-- Test -->
