<?xml version="1.0" encoding="UTF-8"?>
<!-- Generated by org.testng.reporters.JUnitXMLReporter -->
<testsuite ignored="0" hostname="DESKTOP-EEMVQ20" failures="0" tests="37" name="Test1" time="22.335" errors="0" timestamp="2022-02-08T10:48:30 MST">
  <testcase classname="dataDrivenTesting.Jobs_API_TC01_GETRQ" name="TC_GET_AllRecords" time="1.723"/>
  <testcase classname="dataDrivenTesting.Jobs_API_TC02_POSTRQ" name="TC_PostRequest" time="0.474"/>
  <testcase classname="dataDrivenTesting.Jobs_API_TC02_POSTRQ" name="TC_PostRequest" time="0.35"/>
  <testcase classname="dataDrivenTesting.Jobs_API_TC02_POSTRQ" name="TC_PostRequest" time="0.33"/>
  <testcase classname="dataDrivenTesting.Jobs_API_TC02_POSTRQ" name="TC_PostRequest" time="0.331"/>
  <testcase classname="dataDrivenTesting.Jobs_API_TC02_POSTRQ" name="TC_PostRequest" time="0.34"/>
  <testcase classname="dataDrivenTesting.Jobs_API_TC02_POSTRQ" name="TC_PostRequest" time="0.319"/>
  <testcase classname="dataDrivenTesting.Jobs_API_TC02_POSTRQ" name="TC_PostRequest" time="0.343"/>
  <testcase classname="dataDrivenTesting.Jobs_API_TC03_PUTRQ" name="TC_putRequest" time="0.318"/>
  <testcase classname="dataDrivenTesting.Jobs_API_TC04_DeleteRQ" name="TC_deleteRequest" time="0.316"/>
  <testcase classname="dataDrivenTesting.LMS_API_TC01_GETRQ" name="Jobs_API_TC01_GETRQ" time="5.317"/>
  <testcase classname="dataDrivenTesting.LMS_API_TC02_POSTRQ" name="createRecord" time="0.559"/>
  <testcase classname="dataDrivenTesting.LMS_API_TC02_POSTRQ" name="createRecord" time="0.648"/>
  <testcase classname="dataDrivenTesting.LMS_API_TC02_POSTRQ" name="createRecord" time="0.611"/>
  <testcase classname="dataDrivenTesting.LMS_API_TC02_POSTRQ" name="createRecord" time="0.564"/>
  <testcase classname="dataDrivenTesting.LMS_API_TC03_PUTRQ" name="updateRecord" time="0.493"/>
  <testcase classname="dataDrivenTesting.LMS_API_TC03_PUTRQ" name="updateRecord" time="0.464"/>
  <testcase classname="dataDrivenTesting.LMS_API_TC03_PUTRQ" name="updateRecord" time="0.471"/>
  <testcase classname="dataDrivenTesting.LMS_API_TC04_DeleteRQ" name="TC_deleteRequest" time="0.465"/>
  <testcase classname="dataDrivenTesting.LMS_API_TC04_DeleteRQ" name="TC_deleteRequest" time="0.473"/>
  <testcase classname="dataDrivenTesting.Jobs_API_TC05_GetRq_invalidURL" name="TC_GET_Recs_invalidURL" time="0.311"/>
  <testcase classname="dataDrivenTesting.Jobs_API_TC08_PUT_sameRecord" name="TC_putRequest" time="0.316"/>
  <testcase classname="dataDrivenTesting.Jobs_API_TC07_Delete_newId" name="TC_deleteRequest" time="0.298"/>
  <testcase classname="dataDrivenTesting.Jobs_API_TC06_Post_sameRecord" name="TC_PostRequest" time="0.301"/>
  <testcase classname="dataDrivenTesting.Jobs_API_TC06_Post_sameRecord" name="TC_PostRequest" time="0.305"/>
  <testcase classname="dataDrivenTesting.Jobs_API_TC06_Post_sameRecord" name="TC_PostRequest" time="0.296"/>
  <testcase classname="dataDrivenTesting.Jobs_API_TC06_Post_sameRecord" name="TC_PostRequest" time="0.3"/>
  <testcase classname="dataDrivenTesting.Jobs_API_TC06_Post_sameRecord" name="TC_PostRequest" time="0.301"/>
  <testcase classname="dataDrivenTesting.Jobs_API_TC06_Post_sameRecord" name="TC_PostRequest" time="0.313"/>
  <testcase classname="dataDrivenTesting.LMS_API_TC05_Get_invalidURL" name="Jobs_API_TC01_GETRQ" time="0.565"/>
  <testcase classname="dataDrivenTesting.LMS_API_TC06_Post_sameId" name="createRecord" time="0.48"/>
  <testcase classname="dataDrivenTesting.LMS_API_TC06_Post_sameId" name="createRecord" time="0.478"/>
  <testcase classname="dataDrivenTesting.LMS_API_TC06_Post_sameId" name="createRecord" time="0.483"/>
  <testcase classname="dataDrivenTesting.LMS_API_TC06_Post_sameId" name="createRecord" time="0.52"/>
  <testcase classname="dataDrivenTesting.LMS_API_TC07_Put_newId" name="updateRecord" time="0.46"/>
  <testcase classname="dataDrivenTesting.LMS_API_TC08_DeletenewId" name="TC_deleteRequest" time="0.458"/>
  <testcase classname="dataDrivenTesting.LMS_API_TC08_DeletenewId" name="TC_deleteRequest" time="0.464"/>
</testsuite> <!-- Test1 -->
